10-Oct-2022 13:33:50.705 INFO [http-nio-8049-exec-5] org.apache.catalina.core.ApplicationContext.log Manager: init: Associated with Deployer 'Catalina:type=Deployer,host=localhost'
10-Oct-2022 13:33:50.706 INFO [http-nio-8049-exec-5] org.apache.catalina.core.ApplicationContext.log Manager: init: Global resources are available
10-Oct-2022 13:33:50.841 INFO [http-nio-8049-exec-9] org.apache.catalina.core.ApplicationContext.log Manager: list: Listing contexts for virtual host 'localhost'
10-Oct-2022 13:33:50.945 INFO [http-nio-8049-exec-10] org.apache.catalina.core.ApplicationContext.log Manager: list: Listing contexts for virtual host 'localhost'
10-Oct-2022 13:33:50.999 INFO [http-nio-8049-exec-1] org.apache.catalina.core.ApplicationContext.log Manager: install: Installing context configuration at 'file:/tmp/context17282394197031887788.xml'
10-Oct-2022 13:33:51.110 INFO [http-nio-8049-exec-2] org.apache.catalina.core.ApplicationContext.log Manager: start: Starting web application '/WebApplication6'
10-Oct-2022 13:35:24.298 INFO [http-nio-8049-exec-5] org.apache.catalina.core.ApplicationContext.log Manager: list: Listing contexts for virtual host 'localhost'
10-Oct-2022 13:35:24.327 INFO [http-nio-8049-exec-6] org.apache.catalina.core.ApplicationContext.log Manager: undeploy: Undeploying web application at '/WebApplication6'
10-Oct-2022 13:35:31.809 INFO [http-nio-8049-exec-3] org.apache.catalina.core.ApplicationContext.log Manager: list: Listing contexts for virtual host 'localhost'
10-Oct-2022 13:35:31.827 INFO [http-nio-8049-exec-1] org.apache.catalina.core.ApplicationContext.log Manager: list: Listing contexts for virtual host 'localhost'
10-Oct-2022 13:35:31.847 INFO [http-nio-8049-exec-7] org.apache.catalina.core.ApplicationContext.log Manager: install: Installing context configuration at 'file:/tmp/context8751094588689306007.xml'
10-Oct-2022 13:35:31.909 INFO [http-nio-8049-exec-10] org.apache.catalina.core.ApplicationContext.log Manager: start: Starting web application '/WebApplication6'
10-Oct-2022 13:36:50.566 INFO [http-nio-8049-exec-11] org.apache.catalina.core.ApplicationContext.log Manager: list: Listing contexts for virtual host 'localhost'
10-Oct-2022 13:36:50.586 INFO [http-nio-8049-exec-2] org.apache.catalina.core.ApplicationContext.log Manager: undeploy: Undeploying web application at '/WebApplication'
10-Oct-2022 13:37:07.506 INFO [http-nio-8049-exec-13] org.apache.catalina.core.ApplicationContext.log Manager: list: Listing contexts for virtual host 'localhost'
10-Oct-2022 13:38:55.405 INFO [http-nio-8049-exec-20] org.apache.catalina.core.ApplicationContext.log Manager: list: Listing contexts for virtual host 'localhost'
10-Oct-2022 13:38:55.475 INFO [http-nio-8049-exec-21] org.apache.catalina.core.ApplicationContext.log Manager: restart: Reloading web application '/WebApplication6'
10-Oct-2022 13:38:55.962 INFO [http-nio-8049-exec-16] org.apache.catalina.core.ApplicationContext.log Manager: list: Listing contexts for virtual host 'localhost'
10-Oct-2022 13:38:55.975 INFO [http-nio-8049-exec-14] org.apache.catalina.core.ApplicationContext.log Manager: restart: Reloading web application '/WebApplication6'
10-Oct-2022 13:40:40.792 INFO [http-nio-8049-exec-1] org.apache.catalina.core.ApplicationContext.log Manager: list: Listing contexts for virtual host 'localhost'
10-Oct-2022 13:40:40.807 INFO [http-nio-8049-exec-23] org.apache.catalina.core.ApplicationContext.log Manager: restart: Reloading web application '/WebApplication6'
10-Oct-2022 13:40:56.754 INFO [http-nio-8049-exec-12] org.apache.catalina.core.ApplicationContext.log Manager: list: Listing contexts for virtual host 'localhost'
10-Oct-2022 13:40:56.764 INFO [http-nio-8049-exec-23] org.apache.catalina.core.ApplicationContext.log Manager: list: Listing contexts for virtual host 'localhost'
10-Oct-2022 13:40:56.783 INFO [http-nio-8049-exec-21] org.apache.catalina.core.ApplicationContext.log Manager: restart: Reloading web application '/WebApplication6'
10-Oct-2022 13:43:05.193 INFO [http-nio-8049-exec-21] org.apache.catalina.core.ApplicationContext.log Manager: list: Listing contexts for virtual host 'localhost'
10-Oct-2022 13:43:05.203 INFO [http-nio-8049-exec-32] org.apache.catalina.core.ApplicationContext.log Manager: undeploy: Undeploying web application at '/WebApplication6'
10-Oct-2022 13:43:11.529 INFO [http-nio-8049-exec-26] org.apache.catalina.core.ApplicationContext.log Manager: list: Listing contexts for virtual host 'localhost'
10-Oct-2022 13:43:11.543 INFO [http-nio-8049-exec-31] org.apache.catalina.core.ApplicationContext.log Manager: list: Listing contexts for virtual host 'localhost'
10-Oct-2022 13:43:11.570 INFO [http-nio-8049-exec-33] org.apache.catalina.core.ApplicationContext.log Manager: install: Installing context configuration at 'file:/tmp/context13362015062165678482.xml'
10-Oct-2022 13:43:11.611 INFO [http-nio-8049-exec-25] org.apache.catalina.core.ApplicationContext.log Manager: start: Starting web application '/WebApplication6'
10-Oct-2022 13:45:40.756 INFO [http-nio-8049-exec-34] org.apache.catalina.core.ApplicationContext.log Manager: list: Listing contexts for virtual host 'localhost'
10-Oct-2022 13:45:41.196 INFO [http-nio-8049-exec-39] org.apache.catalina.core.ApplicationContext.log Manager: list: Listing contexts for virtual host 'localhost'
10-Oct-2022 13:45:54.194 INFO [http-nio-8049-exec-31] org.apache.catalina.core.ApplicationContext.log Manager: list: Listing contexts for virtual host 'localhost'
10-Oct-2022 13:45:54.208 INFO [http-nio-8049-exec-35] org.apache.catalina.core.ApplicationContext.log Manager: undeploy: Undeploying web application at '/WebApplication6'
10-Oct-2022 13:45:58.751 INFO [http-nio-8049-exec-40] org.apache.catalina.core.ApplicationContext.log Manager: list: Listing contexts for virtual host 'localhost'
10-Oct-2022 13:45:58.765 INFO [http-nio-8049-exec-25] org.apache.catalina.core.ApplicationContext.log Manager: list: Listing contexts for virtual host 'localhost'
10-Oct-2022 13:45:58.793 INFO [http-nio-8049-exec-41] org.apache.catalina.core.ApplicationContext.log Manager: install: Installing context configuration at 'file:/tmp/context14422779256627426554.xml'
10-Oct-2022 13:45:58.837 INFO [http-nio-8049-exec-35] org.apache.catalina.core.ApplicationContext.log Manager: start: Starting web application '/WebApplication6'
10-Oct-2022 13:48:43.103 INFO [http-nio-8049-exec-45] org.apache.catalina.core.ApplicationContext.log Manager: list: Listing contexts for virtual host 'localhost'
10-Oct-2022 13:48:43.112 INFO [http-nio-8049-exec-44] org.apache.catalina.core.ApplicationContext.log Manager: restart: Reloading web application '/WebApplication6'
10-Oct-2022 13:48:50.612 INFO [http-nio-8049-exec-47] org.apache.catalina.core.ApplicationContext.log Manager: list: Listing contexts for virtual host 'localhost'
10-Oct-2022 13:48:50.625 INFO [http-nio-8049-exec-35] org.apache.catalina.core.ApplicationContext.log Manager: undeploy: Undeploying web application at '/WebApplication6'
10-Oct-2022 13:48:55.312 INFO [http-nio-8049-exec-41] org.apache.catalina.core.ApplicationContext.log Manager: list: Listing contexts for virtual host 'localhost'
10-Oct-2022 13:48:55.324 INFO [http-nio-8049-exec-46] org.apache.catalina.core.ApplicationContext.log Manager: list: Listing contexts for virtual host 'localhost'
10-Oct-2022 13:48:55.353 INFO [http-nio-8049-exec-44] org.apache.catalina.core.ApplicationContext.log Manager: install: Installing context configuration at 'file:/tmp/context10233894126408177267.xml'
10-Oct-2022 13:48:55.400 INFO [http-nio-8049-exec-48] org.apache.catalina.core.ApplicationContext.log Manager: start: Starting web application '/WebApplication6'
10-Oct-2022 13:50:27.028 INFO [http-nio-8049-exec-52] org.apache.catalina.core.ApplicationContext.log Manager: list: Listing contexts for virtual host 'localhost'
10-Oct-2022 13:50:27.036 INFO [http-nio-8049-exec-53] org.apache.catalina.core.ApplicationContext.log Manager: restart: Reloading web application '/WebApplication6'
10-Oct-2022 13:54:09.396 INFO [http-nio-8049-exec-59] org.apache.catalina.core.ApplicationContext.log Manager: list: Listing contexts for virtual host 'localhost'
10-Oct-2022 13:54:09.420 INFO [http-nio-8049-exec-60] org.apache.catalina.core.ApplicationContext.log Manager: restart: Reloading web application '/WebApplication6'
10-Oct-2022 13:54:18.009 INFO [http-nio-8049-exec-53] org.apache.catalina.core.ApplicationContext.log Manager: list: Listing contexts for virtual host 'localhost'
10-Oct-2022 13:54:18.029 INFO [http-nio-8049-exec-54] org.apache.catalina.core.ApplicationContext.log Manager: list: Listing contexts for virtual host 'localhost'
10-Oct-2022 13:54:18.037 INFO [http-nio-8049-exec-58] org.apache.catalina.core.ApplicationContext.log Manager: install: Installing context configuration at 'file:/tmp/context11413537029086486297.xml'
10-Oct-2022 13:54:18.108 INFO [http-nio-8049-exec-50] org.apache.catalina.core.ApplicationContext.log Manager: start: Starting web application '/WebApplication7'
10-Oct-2022 14:12:12.472 INFO [http-nio-8049-exec-62] org.apache.catalina.core.ApplicationContext.log Manager: list: Listing contexts for virtual host 'localhost'
10-Oct-2022 14:12:12.505 INFO [http-nio-8049-exec-70] org.apache.catalina.core.ApplicationContext.log Manager: undeploy: Undeploying web application at '/WebApplication6'
10-Oct-2022 14:17:13.977 INFO [http-nio-8049-exec-61] org.apache.catalina.core.ApplicationContext.log Manager: list: Listing contexts for virtual host 'localhost'
10-Oct-2022 14:17:14.040 INFO [http-nio-8049-exec-76] org.apache.catalina.core.ApplicationContext.log Manager: list: Listing contexts for virtual host 'localhost'
10-Oct-2022 14:17:14.055 INFO [http-nio-8049-exec-65] org.apache.catalina.core.ApplicationContext.log Manager: install: Installing context configuration at 'file:/tmp/context8702482021706978593.xml'
10-Oct-2022 14:17:14.106 INFO [http-nio-8049-exec-61] org.apache.catalina.core.ApplicationContext.log Manager: start: Starting web application '/WebApplication8'
10-Oct-2022 14:18:24.888 INFO [http-nio-8049-exec-79] org.apache.catalina.core.ApplicationContext.log Manager: list: Listing contexts for virtual host 'localhost'
10-Oct-2022 14:18:24.899 INFO [http-nio-8049-exec-61] org.apache.catalina.core.ApplicationContext.log Manager: undeploy: Undeploying web application at '/WebApplication8'
10-Oct-2022 14:18:29.615 INFO [http-nio-8049-exec-79] org.apache.catalina.core.ApplicationContext.log Manager: list: Listing contexts for virtual host 'localhost'
10-Oct-2022 14:18:29.622 INFO [http-nio-8049-exec-75] org.apache.catalina.core.ApplicationContext.log Manager: list: Listing contexts for virtual host 'localhost'
10-Oct-2022 14:32:30.341 INFO [http-nio-8049-exec-84] org.apache.catalina.core.ApplicationContext.log Manager: list: Listing contexts for virtual host 'localhost'
10-Oct-2022 14:32:30.346 INFO [http-nio-8049-exec-85] org.apache.catalina.core.ApplicationContext.log Manager: list: Listing contexts for virtual host 'localhost'
10-Oct-2022 14:34:49.254 INFO [http-nio-8049-exec-85] org.apache.catalina.core.ApplicationContext.log Manager: list: Listing contexts for virtual host 'localhost'
10-Oct-2022 14:34:49.259 INFO [http-nio-8049-exec-87] org.apache.catalina.core.ApplicationContext.log Manager: list: Listing contexts for virtual host 'localhost'
10-Oct-2022 15:00:24.920 INFO [http-nio-8049-exec-81] org.apache.catalina.core.ApplicationContext.log Manager: list: Listing contexts for virtual host 'localhost'
10-Oct-2022 15:00:24.942 INFO [http-nio-8049-exec-89] org.apache.catalina.core.ApplicationContext.log Manager: list: Listing contexts for virtual host 'localhost'
10-Oct-2022 15:00:30.603 INFO [http-nio-8049-exec-89] org.apache.catalina.core.ApplicationContext.log Manager: list: Listing contexts for virtual host 'localhost'
10-Oct-2022 15:00:30.608 INFO [http-nio-8049-exec-80] org.apache.catalina.core.ApplicationContext.log Manager: list: Listing contexts for virtual host 'localhost'
10-Oct-2022 16:21:08.726 INFO [http-nio-8049-exec-89] org.apache.catalina.core.ApplicationContext.log Manager: list: Listing contexts for virtual host 'localhost'
10-Oct-2022 16:21:08.850 INFO [http-nio-8049-exec-81] org.apache.catalina.core.ApplicationContext.log Manager: list: Listing contexts for virtual host 'localhost'
